build/outputs/logs/manifest-merger-debug-report.txt
-- Merging decision tree log ---
manifest
ADDED from Desktop\FindMyPhone\AndroidManifest.xml:2:1-119:12
	package
		ADDED from Desktop\FindMyPhone\AndroidManifest.xml:3:5-34
	android:versionName
		ADDED from Desktop\FindMyPhone\AndroidManifest.xml:5:5-30
		INJECTED from Desktop\FindMyPhone\AndroidManifest.xml
		INJECTED from Desktop\FindMyPhone\AndroidManifest.xml
	android:versionCode
		ADDED from Desktop\FindMyPhone\AndroidManifest.xml:4:5-28
		INJECTED from Desktop\FindMyPhone\AndroidManifest.xml
		INJECTED from Desktop\FindMyPhone\AndroidManifest.xml
	xmlns:android
		ADDED from Desktop\FindMyPhone\AndroidManifest.xml:2:11-69
uses-sdk
ADDED from Desktop\FindMyPhone\AndroidManifest.xml:7:5-9:41
	android:targetSdkVersion
		ADDED from Desktop\FindMyPhone\AndroidManifest.xml:9:9-38
	android:minSdkVersion
		ADDED from Desktop\FindMyPhone\AndroidManifest.xml:8:9-35
uses-permission#android.permission.ACCESS_COARSE_LOCATION
ADDED from Desktop\FindMyPhone\AndroidManifest.xml:10:5-81
	android:name
		ADDED from Desktop\FindMyPhone\AndroidManifest.xml:10:22-78
uses-permission#android.permission.ACCESS_FINE_LOCATION
ADDED from Desktop\FindMyPhone\AndroidManifest.xml:11:5-79
	android:name
		ADDED from Desktop\FindMyPhone\AndroidManifest.xml:11:22-76
uses-permission#android.permission.ACCESS_WIFI_STATE
ADDED from Desktop\FindMyPhone\AndroidManifest.xml:12:5-76
	android:name
		ADDED from Desktop\FindMyPhone\AndroidManifest.xml:12:22-73
uses-permission#android.permission.CHANGE_WIFI_STATE
ADDED from Desktop\FindMyPhone\AndroidManifest.xml:13:5-76
	android:name
		ADDED from Desktop\FindMyPhone\AndroidManifest.xml:13:22-73
uses-permission#android.permission.READ_PHONE_STATE
ADDED from Desktop\FindMyPhone\AndroidManifest.xml:14:5-75
	android:name
		ADDED from Desktop\FindMyPhone\AndroidManifest.xml:14:22-72
uses-permission#android.permission.WRITE_EXTERNAL_STORAGE
ADDED from Desktop\FindMyPhone\AndroidManifest.xml:15:5-81
	android:name
		ADDED from Desktop\FindMyPhone\AndroidManifest.xml:15:22-78
uses-permission#android.permission.MOUNT_UNMOUNT_FILESYSTEMS
ADDED from Desktop\FindMyPhone\AndroidManifest.xml:16:5-84
	android:name
		ADDED from Desktop\FindMyPhone\AndroidManifest.xml:16:22-81
uses-permission#android.permission.READ_LOGS
ADDED from Desktop\FindMyPhone\AndroidManifest.xml:17:5-68
	android:name
		ADDED from Desktop\FindMyPhone\AndroidManifest.xml:17:22-65
uses-permission#android.permission.WAKE_LOCK
ADDED from Desktop\FindMyPhone\AndroidManifest.xml:19:5-68
	android:name
		ADDED from Desktop\FindMyPhone\AndroidManifest.xml:19:22-65
uses-permission#android.permission.WRITE_SETTINGS
ADDED from Desktop\FindMyPhone\AndroidManifest.xml:20:5-73
	android:name
		ADDED from Desktop\FindMyPhone\AndroidManifest.xml:20:22-70
uses-permission#android.permission.ACCESS_NETWORK_STATE
ADDED from Desktop\FindMyPhone\AndroidManifest.xml:21:5-79
	android:name
		ADDED from Desktop\FindMyPhone\AndroidManifest.xml:21:22-76
uses-permission#android.permission.RECEIVE_BOOT_COMPLETED
ADDED from Desktop\FindMyPhone\AndroidManifest.xml:22:5-81
	android:name
		ADDED from Desktop\FindMyPhone\AndroidManifest.xml:22:22-78
uses-permission#android.permission.INTERNET
ADDED from Desktop\FindMyPhone\AndroidManifest.xml:23:5-67
	android:name
		ADDED from Desktop\FindMyPhone\AndroidManifest.xml:23:22-64
uses-permission#android.permission.PERSISTENT_ACTIVITY
ADDED from Desktop\FindMyPhone\AndroidManifest.xml:24:5-78
	android:name
		ADDED from Desktop\FindMyPhone\AndroidManifest.xml:24:22-75
uses-permission#android.permission.VIBRATE
ADDED from Desktop\FindMyPhone\AndroidManifest.xml:26:5-66
	android:name
		ADDED from Desktop\FindMyPhone\AndroidManifest.xml:26:22-63
uses-permission#android.permission.FLASHLIGHT
ADDED from Desktop\FindMyPhone\AndroidManifest.xml:27:5-69
	android:name
		ADDED from Desktop\FindMyPhone\AndroidManifest.xml:27:22-66
uses-feature#android.hardware.screen.landscape
ADDED from Desktop\FindMyPhone\AndroidManifest.xml:32:5-34:36
	android:required
		ADDED from Desktop\FindMyPhone\AndroidManifest.xml:34:9-33
	android:name
		ADDED from Desktop\FindMyPhone\AndroidManifest.xml:33:9-57
uses-feature#android.hardware.wifi
ADDED from Desktop\FindMyPhone\AndroidManifest.xml:35:5-37:36
	android:required
		ADDED from Desktop\FindMyPhone\AndroidManifest.xml:37:9-33
	android:name
		ADDED from Desktop\FindMyPhone\AndroidManifest.xml:36:9-45
supports-screens
ADDED from Desktop\FindMyPhone\AndroidManifest.xml:42:5-47:40
	android:largeScreens
		ADDED from Desktop\FindMyPhone\AndroidManifest.xml:44:9-36
	android:smallScreens
		ADDED from Desktop\FindMyPhone\AndroidManifest.xml:46:9-36
	android:normalScreens
		ADDED from Desktop\FindMyPhone\AndroidManifest.xml:45:9-37
	android:xlargeScreens
		ADDED from Desktop\FindMyPhone\AndroidManifest.xml:47:9-37
	android:anyDensity
		ADDED from Desktop\FindMyPhone\AndroidManifest.xml:43:9-34
application
ADDED from Desktop\FindMyPhone\AndroidManifest.xml:49:5-117:19
	android:label
		ADDED from Desktop\FindMyPhone\AndroidManifest.xml:53:9-41
	android:allowBackup
		ADDED from Desktop\FindMyPhone\AndroidManifest.xml:51:9-35
	android:icon
		ADDED from Desktop\FindMyPhone\AndroidManifest.xml:52:9-45
	android:persistent
		ADDED from Desktop\FindMyPhone\AndroidManifest.xml:54:9-34
	android:theme
		ADDED from Desktop\FindMyPhone\AndroidManifest.xml:55:9-40
	android:name
		ADDED from Desktop\FindMyPhone\AndroidManifest.xml:50:9-59
meta-data#com.baidu.lbsapi.API_KEY
ADDED from Desktop\FindMyPhone\AndroidManifest.xml:57:9-59:64
	android:value
		ADDED from Desktop\FindMyPhone\AndroidManifest.xml:59:13-61
	android:name
		ADDED from Desktop\FindMyPhone\AndroidManifest.xml:58:13-52
activity#com.edl.findmyphone.MainActivity
ADDED from Desktop\FindMyPhone\AndroidManifest.xml:61:9-64:20
	android:label
		ADDED from Desktop\FindMyPhone\AndroidManifest.xml:63:13-45
	android:name
		ADDED from Desktop\FindMyPhone\AndroidManifest.xml:62:13-41
activity#com.edl.findmyphone.activity.LoginActivity
ADDED from Desktop\FindMyPhone\AndroidManifest.xml:66:9-74:20
	android:screenOrientation
		ADDED from Desktop\FindMyPhone\AndroidManifest.xml:68:13-49
	android:name
		ADDED from Desktop\FindMyPhone\AndroidManifest.xml:67:13-70
intent-filter#android.intent.action.MAIN+android.intent.category.LAUNCHER
ADDED from Desktop\FindMyPhone\AndroidManifest.xml:69:13-73:29
action#android.intent.action.MAIN
ADDED from Desktop\FindMyPhone\AndroidManifest.xml:70:17-69
	android:name
		ADDED from Desktop\FindMyPhone\AndroidManifest.xml:70:25-66
category#android.intent.category.LAUNCHER
ADDED from Desktop\FindMyPhone\AndroidManifest.xml:72:17-77
	android:name
		ADDED from Desktop\FindMyPhone\AndroidManifest.xml:72:27-74
service#com.edl.findmyphone.service.CoreService
ADDED from Desktop\FindMyPhone\AndroidManifest.xml:88:9-90:19
	android:name
		ADDED from Desktop\FindMyPhone\AndroidManifest.xml:89:13-67
service#com.baidu.location.f
ADDED from Desktop\FindMyPhone\AndroidManifest.xml:92:9-100:19
	android:enabled
		ADDED from Desktop\FindMyPhone\AndroidManifest.xml:94:13-35
	android:process
		ADDED from Desktop\FindMyPhone\AndroidManifest.xml:95:13-38
	android:name
		ADDED from Desktop\FindMyPhone\AndroidManifest.xml:93:13-48
intent-filter#com.baidu.location.service_v2.2
ADDED from Desktop\FindMyPhone\AndroidManifest.xml:96:13-99:29
action#com.baidu.location.service_v2.2
ADDED from Desktop\FindMyPhone\AndroidManifest.xml:97:17-98:26
	android:name
		ADDED from Desktop\FindMyPhone\AndroidManifest.xml:97:25-71
receiver#com.edl.findmyphone.receiver.MyAdmin
ADDED from Desktop\FindMyPhone\AndroidManifest.xml:105:9-115:20
	android:permission
		ADDED from Desktop\FindMyPhone\AndroidManifest.xml:106:13-70
	android:name
		ADDED from Desktop\FindMyPhone\AndroidManifest.xml:105:19-51
meta-data#android.app.device_admin
ADDED from Desktop\FindMyPhone\AndroidManifest.xml:107:13-110:25
	android:resource
		ADDED from Desktop\FindMyPhone\AndroidManifest.xml:109:17-49
	android:name
		ADDED from Desktop\FindMyPhone\AndroidManifest.xml:108:17-56
intent-filter#android.app.action.DEVICE_ADMIN_ENABLED
ADDED from Desktop\FindMyPhone\AndroidManifest.xml:111:13-113:29
action#android.app.action.DEVICE_ADMIN_ENABLED
ADDED from Desktop\FindMyPhone\AndroidManifest.xml:112:17-81
	android:name
		ADDED from Desktop\FindMyPhone\AndroidManifest.xml:112:25-79